{"level":"info","message":"Starting application"}
{"level":"info","message":"HTTP Server listening on port: %d, in %s mode"}
{"level":"info","message":"Starting application"}
{"level":"info","message":"HTTP Server listening on port: %d, in %s mode"}
{"level":"info","message":"Starting application"}
{"level":"info","message":"HTTP Server listening on port: %d, in %s mode"}
{"level":"error","message":"File not found"}
{"level":"info","message":"Get Foo %s"}
{"level":"info","message":"Get Foo %s"}
{"level":"info","message":"Delete Foo %s"}
{"level":"info","message":"Starting application"}
{"level":"info","message":"HTTP Server listening on port: %d, in %s mode"}
{"level":"info","message":"Starting application"}
{"level":"info","message":"HTTP Server listening on port: %d, in %s mode"}
{"level":"info","message":"Delete Foo %s"}
{"level":"info","message":"Starting application"}
{"level":"info","message":"HTTP Server listening on port: %d, in %s mode"}
{"level":"info","message":"Starting application"}
{"level":"info","message":"HTTP Server listening on port: %d, in %s mode"}
{"level":"info","message":"Get Foo %s"}
{"level":"info","message":"Get Foo %s"}
{"level":"info","message":"Starting application"}
{"level":"info","message":"HTTP Server listening on port: %d, in %s mode"}
{"level":"info","message":"Starting application"}
{"level":"info","message":"HTTP Server listening on port: %d, in %s mode"}
{"level":"info","message":"Update Foo %s"}
{"level":"info","message":"Starting application"}
{"level":"info","message":"HTTP Server listening on port: %d, in %s mode"}
{"level":"info","message":"Update Foo %s"}
